빌드 시작: 2016-06-09 오전 12:45:37
     1>2 노드의 "C:\Users\Jacob\Desktop\Programming\JayKop\GameEngine\GameEngine\GameEngine.vcxproj" 프로젝트(Build 대상)입니다.
     1>ClCompile:
         C:\Program Files (x86)\Microsoft Visual Studio 10.0\VC\bin\CL.exe /c /I"C:\Program Files (x86)\Visual Leak Detector\include" /Zi /nologo /W4 /WX- /O2 /Oi /Oy- /GL /D _MBCS /Gm- /EHsc /MD /GS /Gy /fp:precise /Zc:wchar_t /Zc:forScope /Fo"Release\\" /Fd"Release\vc100.pdb" /Gd /TP /analyze- /errorReport:prompt Sources\Base\Physics\World.cpp Sources\Base\StateManager\GameStateManager.cpp Sources\Base\Graphic\Scene.cpp Sources\Base\Math\MathUtils.cpp Sources\Base\Graphic\Sprite.cpp Sources\Base\ObjectManager\ObjectManager.cpp Sources\Base\Physics\Joint.cpp Sources\Base\Physics\RigidBody.cpp Sources\States\GameOver.cpp Sources\States\LV1.cpp Sources\States\LV2.cpp Sources\States\LV3.cpp Sources\States\MainMenu.cpp
         World.cpp
         GameStateManager.cpp
         Scene.cpp
         MathUtils.cpp
         Sprite.cpp
         ObjectManager.cpp
         Joint.cpp
     1>Sources\Base\Physics\Joint.cpp(7): warning C4100: 'anchor' : unreferenced formal parameter
     1>Sources\Base\Physics\Joint.cpp(20): warning C4100: 'inv_dt' : unreferenced formal parameter
         RigidBody.cpp
         GameOver.cpp
         LV1.cpp
         LV2.cpp
         LV3.cpp
         MainMenu.cpp
       Link:
         C:\Program Files (x86)\Microsoft Visual Studio 10.0\VC\bin\link.exe /ERRORREPORT:PROMPT /OUT:"C:\Users\Jacob\Desktop\Programming\JayKop\GameEngine\Release\GameEngine.exe" /NOLOGO /LIBPATH:C:\Users\Jacob\Desktop\Programming\JayKop\GameEngine\\GameEngine\Libs glew32.lib glu32.lib opengl32.lib kernel32.lib user32.lib gdi32.lib winspool.lib comdlg32.lib advapi32.lib shell32.lib ole32.lib oleaut32.lib uuid.lib odbc32.lib odbccp32.lib /MANIFEST /ManifestFile:"Release\GameEngine.exe.intermediate.manifest" /MANIFESTUAC:"level='asInvoker' uiAccess='false'" /DEBUG /PDB:"C:\Users\Jacob\Desktop\Programming\JayKop\GameEngine\Release\GameEngine.pdb" /OPT:REF /OPT:ICF /LTCG /TLBID:1 /DYNAMICBASE /NXCOMPAT /IMPLIB:"C:\Users\Jacob\Desktop\Programming\JayKop\GameEngine\Release\GameEngine.lib" /MACHINE:X86 Release\Application.obj
         Release\Debug.obj
         Release\World.obj
         Release\GameStateManager.obj
         Release\GLApplication.obj
         Release\Scene.obj
         Release\InputManager.obj
         Release\MathUtils.obj
         Release\Matrix2x2.obj
         Release\Vector2.obj
         Release\Shader.obj
         Release\Sprite.obj
         Release\ObjectManager.obj
         Release\Joint.obj
         Release\RigidBody.obj
         Release\Time.obj
         Release\WinMain.obj
         Release\GameOver.obj
         Release\LV1.obj
         Release\LV2.obj
         Release\LV3.obj
         Release\MainMenu.obj
         Generating code
         Finished generating code
         GameEngine.vcxproj -> C:\Users\Jacob\Desktop\Programming\JayKop\GameEngine\Release\GameEngine.exe
       Manifest:
         c:\Program Files (x86)\Microsoft SDKs\Windows\v7.0A\bin\mt.exe /nologo /verbose /outputresource:"C:\Users\Jacob\Desktop\Programming\JayKop\GameEngine\Release\GameEngine.exe;#1" /manifest Release\GameEngine.exe.intermediate.manifest
     1>"C:\Users\Jacob\Desktop\Programming\JayKop\GameEngine\GameEngine\GameEngine.vcxproj" 프로젝트를 빌드했습니다(Build 대상).

빌드했습니다.

경과 시간: 00:00:11.25
