c:\users\jacob\desktop\programming\jaykop\gameengine\gameengine\debug\vc120.pdb
c:\users\jacob\desktop\programming\jaykop\gameengine\gameengine\debug\vc120.idb
c:\users\jacob\desktop\programming\jaykop\gameengine\gameengine\debug\application.obj
c:\users\jacob\desktop\programming\jaykop\gameengine\gameengine\debug\debug.obj
c:\users\jacob\desktop\programming\jaykop\gameengine\gameengine\debug\gamestatemanager.obj
c:\users\jacob\desktop\programming\jaykop\gameengine\gameengine\debug\glapplication.obj
c:\users\jacob\desktop\programming\jaykop\gameengine\gameengine\debug\scene.obj
c:\users\jacob\desktop\programming\jaykop\gameengine\gameengine\debug\inputmanager.obj
c:\users\jacob\desktop\programming\jaykop\gameengine\gameengine\debug\mathutils.obj
c:\users\jacob\desktop\programming\jaykop\gameengine\gameengine\debug\shader.obj
c:\users\jacob\desktop\programming\jaykop\gameengine\gameengine\debug\sprite.obj
c:\users\jacob\desktop\programming\jaykop\gameengine\gameengine\debug\objectmanager.obj
c:\users\jacob\desktop\programming\jaykop\gameengine\gameengine\debug\time.obj
c:\users\jacob\desktop\programming\jaykop\gameengine\gameengine\debug\winmain.obj
c:\users\jacob\desktop\programming\jaykop\gameengine\gameengine\debug\gameover.obj
c:\users\jacob\desktop\programming\jaykop\gameengine\gameengine\debug\lv1.obj
c:\users\jacob\desktop\programming\jaykop\gameengine\gameengine\debug\lv2.obj
c:\users\jacob\desktop\programming\jaykop\gameengine\gameengine\debug\lv3.obj
c:\users\jacob\desktop\programming\jaykop\gameengine\gameengine\debug\mainmenu.obj
c:\users\jacob\desktop\programming\jaykop\gameengine\gameengine\debug\matrix2x2.obj
c:\users\jacob\desktop\programming\jaykop\gameengine\gameengine\debug\vector2.obj
c:\users\jacob\desktop\programming\jaykop\gameengine\gameengine\debug\body.obj
c:\users\jacob\desktop\programming\jaykop\gameengine\gameengine\debug\collide.obj
c:\users\jacob\desktop\programming\jaykop\gameengine\gameengine\debug\joint.obj
c:\users\jacob\desktop\programming\jaykop\gameengine\gameengine\debug\world.obj
c:\users\jacob\desktop\programming\jaykop\gameengine\gameengine\debug\rigidbody.obj
c:\users\jacob\desktop\programming\jaykop\gameengine\debug\gameengine.ilk
c:\users\jacob\desktop\programming\jaykop\gameengine\debug\gameengine.exe
c:\users\jacob\desktop\programming\jaykop\gameengine\debug\gameengine.pdb
c:\users\jacob\desktop\programming\jaykop\gameengine\gameengine\debug\gameengine.tlog\cl.command.1.tlog
c:\users\jacob\desktop\programming\jaykop\gameengine\gameengine\debug\gameengine.tlog\cl.read.1.tlog
c:\users\jacob\desktop\programming\jaykop\gameengine\gameengine\debug\gameengine.tlog\cl.write.1.tlog
c:\users\jacob\desktop\programming\jaykop\gameengine\gameengine\debug\gameengine.tlog\link.command.1.tlog
c:\users\jacob\desktop\programming\jaykop\gameengine\gameengine\debug\gameengine.tlog\link.read.1.tlog
c:\users\jacob\desktop\programming\jaykop\gameengine\gameengine\debug\gameengine.tlog\link.write.1.tlog
